2025-01-07 22:15:26 [restartedMain] INFO  m._.hrSurvey.HrSurveyApplication - Starting HrSurveyApplication using Java 17.0.9 with PID 12520 (D:\workspace\java\portfolio_api_war\hrSurvey\bin\main started by ehfqn in D:\workspace\java\portfolio_api_war\hrSurvey)
2025-01-07 22:15:26 [restartedMain] INFO  m._.hrSurvey.HrSurveyApplication - No active profile set, falling back to 1 default profile: "default"
2025-01-07 22:15:26 [restartedMain] INFO  o.s.b.d.e.DevToolsPropertyDefaultsPostProcessor - Devtools property defaults active! Set 'spring.devtools.add-properties' to 'false' to disable
2025-01-07 22:15:26 [restartedMain] INFO  o.s.b.d.e.DevToolsPropertyDefaultsPostProcessor - For additional web related logging consider setting the 'logging.level.web' property to 'DEBUG'
2025-01-07 22:15:27 [restartedMain] INFO  o.s.b.w.e.tomcat.TomcatWebServer - Tomcat initialized with port 9400 (http)
2025-01-07 22:15:27 [restartedMain] INFO  o.a.coyote.http11.Http11NioProtocol - Initializing ProtocolHandler ["http-nio-9400"]
2025-01-07 22:15:27 [restartedMain] INFO  o.a.catalina.core.StandardService - Starting service [Tomcat]
2025-01-07 22:15:27 [restartedMain] INFO  o.a.catalina.core.StandardEngine - Starting Servlet engine: [Apache Tomcat/10.1.34]
2025-01-07 22:15:27 [restartedMain] INFO  o.a.c.c.C.[Tomcat].[localhost].[/] - Initializing Spring embedded WebApplicationContext
2025-01-07 22:15:27 [restartedMain] INFO  o.s.b.w.s.c.ServletWebServerApplicationContext - Root WebApplicationContext: initialization completed in 926 ms
2025-01-07 22:15:28 [restartedMain] INFO  o.a.coyote.http11.Http11NioProtocol - Starting ProtocolHandler ["http-nio-9400"]
2025-01-07 22:15:28 [restartedMain] INFO  o.s.b.w.e.tomcat.TomcatWebServer - Tomcat started on port 9400 (http) with context path '/'
2025-01-07 22:15:28 [restartedMain] INFO  m._.hrSurvey.HrSurveyApplication - Started HrSurveyApplication in 2.076 seconds (process running for 2.935)
2025-01-07 22:16:51 [http-nio-9400-exec-1] INFO  o.a.c.c.C.[Tomcat].[localhost].[/] - Initializing Spring DispatcherServlet 'dispatcherServlet'
2025-01-07 22:16:51 [http-nio-9400-exec-1] INFO  o.s.web.servlet.DispatcherServlet - Initializing Servlet 'dispatcherServlet'
2025-01-07 22:16:51 [http-nio-9400-exec-1] INFO  o.s.web.servlet.DispatcherServlet - Completed initialization in 1 ms
2025-01-07 22:16:51 [http-nio-9400-exec-1] INFO  m._.h.controller.SurveyController - getCommonInfo
2025-01-07 22:16:51 [http-nio-9400-exec-1] INFO  com.zaxxer.hikari.HikariDataSource - HikariPool-1 - Starting...
2025-01-07 22:16:51 [http-nio-9400-exec-1] INFO  com.zaxxer.hikari.pool.HikariPool - HikariPool-1 - Added connection org.mariadb.jdbc.Connection@370f908b
2025-01-07 22:16:51 [http-nio-9400-exec-1] INFO  com.zaxxer.hikari.HikariDataSource - HikariPool-1 - Start completed.
2025-01-07 22:16:52 [http-nio-9400-exec-2] INFO  m._.h.controller.SurveyController - getStartSurveyInfo
2025-01-07 22:16:55 [http-nio-9400-exec-3] INFO  m._.h.controller.SurveyController - startSurvey
2025-01-07 22:16:55 [http-nio-9400-exec-5] INFO  m._.h.controller.SurveyController - getSurveyInfo
2025-01-07 22:16:55 [http-nio-9400-exec-7] INFO  m._.h.controller.SurveyController - getSurveyInfo
2025-01-07 22:17:00 [http-nio-9400-exec-8] INFO  m._.h.controller.SurveyController - getSurveyInfo
2025-01-07 22:17:00 [http-nio-9400-exec-10] INFO  m._.h.controller.SurveyController - store_survey
2025-01-07 22:17:02 [http-nio-9400-exec-1] INFO  m._.h.controller.SurveyController - getSurveyInfo
2025-01-07 22:17:02 [http-nio-9400-exec-2] INFO  m._.h.controller.SurveyController - getStartSurveyInfo
2025-01-07 22:17:14 [RMI TCP Connection(11)-127.0.0.1] INFO  o.s.b.a.SpringApplicationAdminMXBeanRegistrar$SpringApplicationAdmin - Application shutdown requested.
2025-01-07 22:17:14 [RMI TCP Connection(11)-127.0.0.1] INFO  o.s.b.w.e.tomcat.GracefulShutdown - Commencing graceful shutdown. Waiting for active requests to complete
2025-01-07 22:17:14 [tomcat-shutdown] INFO  o.a.coyote.http11.Http11NioProtocol - Pausing ProtocolHandler ["http-nio-9400"]
2025-01-07 22:17:14 [tomcat-shutdown] INFO  o.s.b.w.e.tomcat.GracefulShutdown - Graceful shutdown complete
2025-01-07 22:17:14 [RMI TCP Connection(11)-127.0.0.1] INFO  o.a.coyote.http11.Http11NioProtocol - Stopping ProtocolHandler ["http-nio-9400"]
2025-01-07 22:17:15 [RMI TCP Connection(11)-127.0.0.1] INFO  com.zaxxer.hikari.HikariDataSource - HikariPool-1 - Shutdown initiated...
2025-01-07 22:17:15 [RMI TCP Connection(11)-127.0.0.1] INFO  com.zaxxer.hikari.HikariDataSource - HikariPool-1 - Shutdown completed.
